<?xml version="1.0" encoding="UTF-8"?>
<testsuite name="CoinCombinationsTest" tests="4" skipped="0" failures="0" errors="0" timestamp="2016-04-21T18:28:24" hostname="epicodus-51.local" time="0.001">
  <properties/>
  <testcase name="runCoinCombination_shouldReturnDimes_ArrayList" classname="CoinCombinationsTest" time="0.001"/>
  <testcase name="runCoinCombination_shouldReturnQuarters_ArrayList" classname="CoinCombinationsTest" time="0.0"/>
  <testcase name="runCoinCombination_shouldReturnNickels_ArrayList" classname="CoinCombinationsTest" time="0.0"/>
  <testcase name="runCoinCombination_shouldReturnPennies_ArrayList" classname="CoinCombinationsTest" time="0.0"/>
  <system-out><![CDATA[]]></system-out>
  <system-err><![CDATA[]]></system-err>
</testsuite>
